00:55:19.086 [main] INFO  api.test.UserTest - *****testPostUser*****
00:55:21.806 [main] INFO  api.test.UserTest - *****getUserByName*****
00:55:23.037 [main] INFO  api.test.UserTest - *****updateUserByUserName*****
00:55:25.531 [main] INFO  api.test.UserTest - *****deleteUserByUserName*****
01:02:56.441 [main] INFO  api.test.UserTest - *****testPostUser*****
01:02:59.200 [main] INFO  api.test.UserTest - *****getUserByName*****
01:03:00.489 [main] INFO  api.test.UserTest - *****updateUserByUserName*****
01:03:03.185 [main] INFO  api.test.UserTest - *****deleteUserByUserName*****
01:03:05.276 [main] INFO  api.test.DDTests - *****testDDPostUser*****
01:03:06.632 [main] INFO  api.test.DDTests - *****testDDPostUser*****
01:03:08.076 [main] INFO  api.test.DDTests - *****testDDPostUser*****
01:03:09.365 [main] INFO  api.test.DDTests - *****testDDGetUserByUserNames*****
01:03:10.602 [main] INFO  api.test.DDTests - *****testDDGetUserByUserNames*****
01:03:11.829 [main] INFO  api.test.DDTests - *****testDDGetUserByUserNames*****
01:03:13.068 [main] INFO  api.test.DDTests - *****testDeleteByDDUserNames*****
01:03:14.299 [main] INFO  api.test.DDTests - *****testDeleteByDDUserNames*****
01:03:15.563 [main] INFO  api.test.DDTests - *****testDeleteByDDUserNames*****
13:12:18.346 [main] INFO  api.test.UserTest - *****testPostUser*****
13:12:22.083 [main] INFO  api.test.UserTest - *****getUserByName*****
13:12:24.490 [main] INFO  api.test.UserTest - *****updateUserByUserName*****
13:12:27.317 [main] INFO  api.test.UserTest - *****deleteUserByUserName*****
13:17:29.856 [main] INFO  api.test.UserTest - *****testPostUser*****
13:17:32.781 [main] INFO  api.test.UserTest - *****getUserByName*****
13:17:34.250 [main] INFO  api.test.UserTest - *****updateUserByUserName*****
13:17:37.133 [main] INFO  api.test.UserTest - *****deleteUserByUserName*****
13:20:53.687 [main] INFO  api.test.UserTest - *****testPostUser*****
13:20:56.585 [main] INFO  api.test.UserTest - *****getUserByName*****
13:20:57.993 [main] INFO  api.test.UserTest - *****updateUserByUserName*****
13:21:00.807 [main] INFO  api.test.UserTest - *****deleteUserByUserName*****
13:21:19.914 [main] INFO  api.test.UserTest - *****testPostUser*****
13:21:22.572 [main] INFO  api.test.UserTest - *****getUserByName*****
13:21:23.972 [main] INFO  api.test.UserTest - *****updateUserByUserName*****
13:21:27.147 [main] INFO  api.test.UserTest - *****deleteUserByUserName*****
13:25:26.583 [main] INFO  api.test.DDTests - *****testDDPostUser*****
13:25:29.444 [main] INFO  api.test.DDTests - *****testDDPostUser*****
13:25:31.464 [main] INFO  api.test.DDTests - *****testDDPostUser*****
13:25:32.954 [main] INFO  api.test.DDTests - *****testDDGetUserByUserNames*****
13:25:34.706 [main] INFO  api.test.DDTests - *****testDDGetUserByUserNames*****
13:25:36.126 [main] INFO  api.test.DDTests - *****testDDGetUserByUserNames*****
13:25:37.573 [main] INFO  api.test.DDTests - *****testDeleteByDDUserNames*****
13:25:38.950 [main] INFO  api.test.DDTests - *****testDeleteByDDUserNames*****
13:25:40.381 [main] INFO  api.test.DDTests - *****testDeleteByDDUserNames*****
13:26:03.608 [main] INFO  api.test.DDTests - *****testDDPostUser*****
13:26:06.153 [main] INFO  api.test.DDTests - *****testDDPostUser*****
13:26:07.511 [main] INFO  api.test.DDTests - *****testDDPostUser*****
13:26:39.529 [main] INFO  api.test.DDTests - *****testDDPostUser*****
13:26:42.125 [main] INFO  api.test.DDTests - *****testDDPostUser*****
13:26:43.499 [main] INFO  api.test.DDTests - *****testDDPostUser*****
13:26:44.969 [main] INFO  api.test.DDTests - *****testDDGetUserByUserNames*****
13:26:46.446 [main] INFO  api.test.DDTests - *****testDDGetUserByUserNames*****
13:26:47.825 [main] INFO  api.test.DDTests - *****testDDGetUserByUserNames*****
13:26:49.252 [main] INFO  api.test.DDTests - *****testDeleteByDDUserNames*****
13:26:50.674 [main] INFO  api.test.DDTests - *****testDeleteByDDUserNames*****
13:26:52.155 [main] INFO  api.test.DDTests - *****testDeleteByDDUserNames*****
13:28:48.312 [main] INFO  api.test.UserTest - *****testPostUser*****
13:28:51.417 [main] INFO  api.test.UserTest - *****getUserByName*****
13:28:52.857 [main] INFO  api.test.UserTest - *****updateUserByUserName*****
13:28:55.668 [main] INFO  api.test.UserTest - *****deleteUserByUserName*****
13:29:31.636 [main] INFO  api.test.UserTest - *****testPostUser*****
13:29:34.314 [main] INFO  api.test.UserTest - *****getUserByName*****
13:29:35.764 [main] INFO  api.test.UserTest - *****updateUserByUserName*****
13:29:38.511 [main] INFO  api.test.UserTest - *****deleteUserByUserName*****
13:29:51.111 [main] INFO  api.test.UserTest - *****testPostUser*****
13:29:53.727 [main] INFO  api.test.UserTest - *****getUserByName*****
13:29:55.183 [main] INFO  api.test.UserTest - *****updateUserByUserName*****
13:29:58.587 [main] INFO  api.test.UserTest - *****deleteUserByUserName*****
13:30:00.698 [main] INFO  api.test.DDTests - *****testDDPostUser*****
13:30:02.097 [main] INFO  api.test.DDTests - *****testDDPostUser*****
13:30:03.477 [main] INFO  api.test.DDTests - *****testDDPostUser*****
13:30:04.890 [main] INFO  api.test.DDTests - *****testDDGetUserByUserNames*****
13:30:06.970 [main] INFO  api.test.DDTests - *****testDDGetUserByUserNames*****
13:30:08.360 [main] INFO  api.test.DDTests - *****testDDGetUserByUserNames*****
13:30:09.843 [main] INFO  api.test.DDTests - *****testDeleteByDDUserNames*****
13:30:11.228 [main] INFO  api.test.DDTests - *****testDeleteByDDUserNames*****
13:30:12.618 [main] INFO  api.test.DDTests - *****testDeleteByDDUserNames*****
14:31:15.371 [main] INFO  api.test.UserTest - *****testPostUser*****
14:31:17.938 [main] INFO  api.test.UserTest - *****getUserByName*****
14:31:19.006 [main] INFO  api.test.UserTest - *****updateUserByUserName*****
14:31:21.161 [main] INFO  api.test.UserTest - *****deleteUserByUserName*****
14:31:23.149 [main] INFO  api.test.DDTests - *****testDDPostUser*****
14:31:24.232 [main] INFO  api.test.DDTests - *****testDDPostUser*****
14:31:25.393 [main] INFO  api.test.DDTests - *****testDDPostUser*****
14:31:26.692 [main] INFO  api.test.DDTests - *****testDDGetUserByUserNames*****
14:31:27.975 [main] INFO  api.test.DDTests - *****testDDGetUserByUserNames*****
14:31:29.139 [main] INFO  api.test.DDTests - *****testDDGetUserByUserNames*****
14:31:30.358 [main] INFO  api.test.DDTests - *****testDeleteByDDUserNames*****
14:31:31.426 [main] INFO  api.test.DDTests - *****testDeleteByDDUserNames*****
14:31:32.583 [main] INFO  api.test.DDTests - *****testDeleteByDDUserNames*****
14:33:50.005 [main] INFO  api.test.UserTest - *****testPostUser*****
14:33:52.442 [main] INFO  api.test.UserTest - *****getUserByName*****
14:33:53.545 [main] INFO  api.test.UserTest - *****updateUserByUserName*****
14:33:55.657 [main] INFO  api.test.UserTest - *****deleteUserByUserName*****
14:33:57.487 [main] INFO  api.test.DDTests - *****testDDPostUser*****
14:33:58.579 [main] INFO  api.test.DDTests - *****testDDPostUser*****
14:33:59.654 [main] INFO  api.test.DDTests - *****testDDPostUser*****
14:34:00.866 [main] INFO  api.test.DDTests - *****testDDGetUserByUserNames*****
14:34:02.235 [main] INFO  api.test.DDTests - *****testDDGetUserByUserNames*****
14:34:03.327 [main] INFO  api.test.DDTests - *****testDDGetUserByUserNames*****
14:34:04.475 [main] INFO  api.test.DDTests - *****testDeleteByDDUserNames*****
14:34:05.642 [main] INFO  api.test.DDTests - *****testDeleteByDDUserNames*****
14:34:06.689 [main] INFO  api.test.DDTests - *****testDeleteByDDUserNames*****
14:40:34.308 [main] INFO  api.test.UserTest - *****testPostUser*****
14:40:36.997 [main] INFO  api.test.UserTest - *****getUserByName*****
14:40:38.135 [main] INFO  api.test.UserTest - *****updateUserByUserName*****
14:40:40.419 [main] INFO  api.test.UserTest - *****deleteUserByUserName*****
14:40:42.310 [main] INFO  api.test.DDTests - *****testDDPostUser*****
14:40:43.491 [main] INFO  api.test.DDTests - *****testDDPostUser*****
14:40:44.545 [main] INFO  api.test.DDTests - *****testDDPostUser*****
14:40:45.688 [main] INFO  api.test.DDTests - *****testDDGetUserByUserNames*****
14:40:46.840 [main] INFO  api.test.DDTests - *****testDDGetUserByUserNames*****
14:40:47.889 [main] INFO  api.test.DDTests - *****testDDGetUserByUserNames*****
14:40:49.040 [main] INFO  api.test.DDTests - *****testDeleteByDDUserNames*****
14:40:50.105 [main] INFO  api.test.DDTests - *****testDeleteByDDUserNames*****
14:40:51.181 [main] INFO  api.test.DDTests - *****testDeleteByDDUserNames*****
15:57:03.783 [main] INFO  api.test.PetTest - *****testPostPet*****
15:57:20.123 [main] INFO  api.test.PetTest - *****testPostPet*****
16:00:26.812 [main] INFO  api.test.PetTest - *****testPostPet*****
16:00:29.293 [main] INFO  api.test.PetTest - *****getPetByPetId*****
16:06:57.095 [main] INFO  api.test.PetTest - *****testPostPet*****
16:06:59.474 [main] INFO  api.test.PetTest - *****getPetByPetId*****
16:07:00.599 [main] INFO  api.test.PetTest - *****updatePetByPetId*****
16:09:04.838 [main] INFO  api.test.PetTest - *****testPostPet*****
16:09:07.228 [main] INFO  api.test.PetTest - *****getPetByPetId*****
16:09:08.361 [main] INFO  api.test.PetTest - *****updatePetByPetId*****
16:09:10.849 [main] INFO  api.test.PetTest - *****deletePetByPetId*****
16:10:07.380 [main] INFO  api.test.UserTest - *****testPostUser*****
16:10:09.775 [main] INFO  api.test.UserTest - *****getUserByName*****
16:10:10.965 [main] INFO  api.test.UserTest - *****updateUserByUserName*****
16:10:13.261 [main] INFO  api.test.UserTest - *****deleteUserByUserName*****
16:10:15.307 [main] INFO  api.test.DDTests - *****testDDPostUser*****
16:10:16.530 [main] INFO  api.test.DDTests - *****testDDPostUser*****
16:10:17.759 [main] INFO  api.test.DDTests - *****testDDPostUser*****
16:10:18.999 [main] INFO  api.test.DDTests - *****testDDGetUserByUserNames*****
16:10:20.097 [main] INFO  api.test.DDTests - *****testDDGetUserByUserNames*****
16:10:21.199 [main] INFO  api.test.DDTests - *****testDDGetUserByUserNames*****
16:10:22.325 [main] INFO  api.test.DDTests - *****testDeleteByDDUserNames*****
16:10:23.417 [main] INFO  api.test.DDTests - *****testDeleteByDDUserNames*****
16:10:24.534 [main] INFO  api.test.DDTests - *****testDeleteByDDUserNames*****
16:10:25.633 [main] INFO  api.test.PetTest - *****testPostPet*****
16:10:26.824 [main] INFO  api.test.PetTest - *****getPetByPetId*****
16:10:27.921 [main] INFO  api.test.PetTest - *****updatePetByPetId*****
16:10:30.053 [main] INFO  api.test.PetTest - *****deletePetByPetId*****
16:11:35.986 [main] INFO  api.test.UserTest - *****testPostUser*****
16:11:38.321 [main] INFO  api.test.UserTest - *****getUserByName*****
16:11:39.409 [main] INFO  api.test.UserTest - *****updateUserByUserName*****
16:11:41.685 [main] INFO  api.test.UserTest - *****deleteUserByUserName*****
16:11:43.457 [main] INFO  api.test.DDTests - *****testDDPostUser*****
16:11:44.650 [main] INFO  api.test.DDTests - *****testDDPostUser*****
16:11:45.753 [main] INFO  api.test.DDTests - *****testDDPostUser*****
16:11:46.981 [main] INFO  api.test.DDTests - *****testDDGetUserByUserNames*****
16:11:48.169 [main] INFO  api.test.DDTests - *****testDDGetUserByUserNames*****
16:11:49.294 [main] INFO  api.test.DDTests - *****testDDGetUserByUserNames*****
16:11:50.540 [main] INFO  api.test.DDTests - *****testDeleteByDDUserNames*****
16:11:51.703 [main] INFO  api.test.DDTests - *****testDeleteByDDUserNames*****
16:11:52.772 [main] INFO  api.test.DDTests - *****testDeleteByDDUserNames*****
16:11:53.971 [main] INFO  api.test.PetTest - *****testPostPet*****
16:11:55.066 [main] INFO  api.test.PetTest - *****getPetByPetId*****
16:11:56.162 [main] INFO  api.test.PetTest - *****updatePetByPetId*****
16:11:58.460 [main] INFO  api.test.PetTest - *****deletePetByPetId*****
16:51:46.381 [main] INFO  api.test.StoreTests - *****placeOrder*****
17:03:48.059 [main] INFO  api.test.StoreTests - *****placeOrder*****
17:05:36.205 [main] INFO  api.test.StoreTests - *****placeOrder*****
17:05:38.732 [main] INFO  api.test.StoreTests - *****getOrderByOrderId*****
17:06:39.458 [main] INFO  api.test.StoreTests - *****placeOrder*****
17:06:42.044 [main] INFO  api.test.StoreTests - *****getInventory*****
17:06:43.297 [main] INFO  api.test.StoreTests - *****getOrderByOrderId*****
17:08:13.032 [main] INFO  api.test.StoreTests - *****placeOrder*****
17:08:15.405 [main] INFO  api.test.StoreTests - *****getInventory*****
17:08:16.552 [main] INFO  api.test.StoreTests - *****getOrderByOrderId*****
17:08:17.634 [main] INFO  api.test.StoreTests - *****deleteOrderByOrderId*****
17:09:16.207 [main] INFO  api.test.UserTest - *****testPostUser*****
17:09:18.571 [main] INFO  api.test.UserTest - *****getUserByName*****
17:09:19.772 [main] INFO  api.test.UserTest - *****updateUserByUserName*****
17:09:22.034 [main] INFO  api.test.UserTest - *****deleteUserByUserName*****
17:09:23.894 [main] INFO  api.test.DDTests - *****testDDPostUser*****
17:09:25.104 [main] INFO  api.test.DDTests - *****testDDPostUser*****
17:09:26.303 [main] INFO  api.test.DDTests - *****testDDPostUser*****
17:09:27.404 [main] INFO  api.test.DDTests - *****testDDGetUserByUserNames*****
17:09:28.716 [main] INFO  api.test.DDTests - *****testDDGetUserByUserNames*****
17:09:29.790 [main] INFO  api.test.DDTests - *****testDDGetUserByUserNames*****
17:09:30.942 [main] INFO  api.test.DDTests - *****testDeleteByDDUserNames*****
17:09:31.990 [main] INFO  api.test.DDTests - *****testDeleteByDDUserNames*****
17:09:33.177 [main] INFO  api.test.DDTests - *****testDeleteByDDUserNames*****
17:09:34.270 [main] INFO  api.test.PetTest - *****testPostPet*****
17:09:35.379 [main] INFO  api.test.PetTest - *****getPetByPetId*****
17:09:36.471 [main] INFO  api.test.PetTest - *****updatePetByPetId*****
17:09:38.964 [main] INFO  api.test.PetTest - *****deletePetByPetId*****
17:09:40.136 [main] INFO  api.test.StoreTests - *****placeOrder*****
17:09:41.235 [main] INFO  api.test.StoreTests - *****getInventory*****
17:09:42.318 [main] INFO  api.test.StoreTests - *****getOrderByOrderId*****
17:09:43.503 [main] INFO  api.test.StoreTests - *****deleteOrderByOrderId*****
17:10:12.436 [main] INFO  api.test.UserTest - *****testPostUser*****
17:10:14.803 [main] INFO  api.test.UserTest - *****getUserByName*****
17:10:15.897 [main] INFO  api.test.UserTest - *****updateUserByUserName*****
17:10:18.077 [main] INFO  api.test.UserTest - *****deleteUserByUserName*****
17:10:19.835 [main] INFO  api.test.DDTests - *****testDDPostUser*****
17:10:20.909 [main] INFO  api.test.DDTests - *****testDDPostUser*****
17:10:22.262 [main] INFO  api.test.DDTests - *****testDDPostUser*****
17:10:23.351 [main] INFO  api.test.DDTests - *****testDDGetUserByUserNames*****
17:10:24.532 [main] INFO  api.test.DDTests - *****testDDGetUserByUserNames*****
17:10:25.709 [main] INFO  api.test.DDTests - *****testDDGetUserByUserNames*****
17:10:27.005 [main] INFO  api.test.DDTests - *****testDeleteByDDUserNames*****
17:10:28.084 [main] INFO  api.test.DDTests - *****testDeleteByDDUserNames*****
17:10:29.276 [main] INFO  api.test.DDTests - *****testDeleteByDDUserNames*****
17:10:30.379 [main] INFO  api.test.PetTest - *****testPostPet*****
17:10:31.483 [main] INFO  api.test.PetTest - *****getPetByPetId*****
17:10:32.664 [main] INFO  api.test.PetTest - *****updatePetByPetId*****
17:10:34.947 [main] INFO  api.test.PetTest - *****deletePetByPetId*****
17:10:36.037 [main] INFO  api.test.StoreTests - *****placeOrder*****
17:10:37.120 [main] INFO  api.test.StoreTests - *****getInventory*****
17:10:38.284 [main] INFO  api.test.StoreTests - *****getOrderByOrderId*****
17:10:39.404 [main] INFO  api.test.StoreTests - *****deleteOrderByOrderId*****
17:14:41.543 [main] INFO  api.test.UserTest - *****testPostUser*****
17:14:44.275 [main] INFO  api.test.UserTest - *****getUserByName*****
17:14:45.500 [main] INFO  api.test.UserTest - *****updateUserByUserName*****
17:14:47.777 [main] INFO  api.test.UserTest - *****deleteUserByUserName*****
17:14:49.902 [main] INFO  api.test.DDTests - *****testDDPostUser*****
17:14:51.002 [main] INFO  api.test.DDTests - *****testDDPostUser*****
17:14:52.107 [main] INFO  api.test.DDTests - *****testDDPostUser*****
17:14:53.310 [main] INFO  api.test.DDTests - *****testDDGetUserByUserNames*****
17:14:54.522 [main] INFO  api.test.DDTests - *****testDDGetUserByUserNames*****
17:14:55.693 [main] INFO  api.test.DDTests - *****testDDGetUserByUserNames*****
17:14:56.837 [main] INFO  api.test.DDTests - *****testDeleteByDDUserNames*****
17:14:57.918 [main] INFO  api.test.DDTests - *****testDeleteByDDUserNames*****
17:14:58.987 [main] INFO  api.test.DDTests - *****testDeleteByDDUserNames*****
17:15:00.217 [main] INFO  api.test.PetTest - *****testPostPet*****
17:15:01.418 [main] INFO  api.test.PetTest - *****getPetByPetId*****
17:15:02.501 [main] INFO  api.test.PetTest - *****updatePetByPetId*****
17:15:04.804 [main] INFO  api.test.PetTest - *****deletePetByPetId*****
17:15:05.938 [main] INFO  api.test.StoreTests - *****placeOrder*****
17:15:07.145 [main] INFO  api.test.StoreTests - *****getInventory*****
17:15:08.246 [main] INFO  api.test.StoreTests - *****getOrderByOrderId*****
17:15:09.316 [main] INFO  api.test.StoreTests - *****deleteOrderByOrderId*****
